<?xml version="1.0" encoding="UTF-8"?>
<!-- Generated by org.testng.reporters.JUnitReportReporter -->
<testsuite hostname="Dell" failures="0" tests="1" name="Campaign.CreateCampaign" time="22.058" errors="0" timestamp="2022-11-10T16:08:38 IST" skipped="0">
  <testcase classname="Campaign.CreateCampaign" name="campaign" time="22.058"/>
  <system-out/>
</testsuite> <!-- Campaign.CreateCampaign -->
