<?xml version="1.0" encoding="UTF-8"?>
<!-- Generated by org.testng.reporters.JUnitReportReporter -->
<testsuite hostname="Dell" failures="0" tests="1" name="Contact.Alltests" time="15.054" errors="0" timestamp="2022-11-10T11:59:52 IST" skipped="0">
  <testcase classname="Contact.Alltests" name="cresteorg" time="15.054"/>
  <system-out/>
</testsuite> <!-- Contact.Alltests -->
