<?xml version="1.0" encoding="UTF-8"?>
<!-- Generated by org.testng.reporters.JUnitReportReporter -->
<testsuite hostname="Dell" failures="0" tests="1" name="PurchaseOrder.PurchaseOrderwithVendor" time="46.596" errors="0" timestamp="2022-11-10T16:08:38 IST" skipped="0">
  <testcase classname="PurchaseOrder.PurchaseOrderwithVendor" name="createpurchaseorder" time="46.596"/>
  <system-out/>
</testsuite> <!-- PurchaseOrder.PurchaseOrderwithVendor -->
