<?xml version="1.0" encoding="UTF-8"?>
<!-- Generated by org.testng.reporters.JUnitReportReporter -->
<testsuite hostname="Dell" failures="0" tests="1" name="Campaign.CreateCampaignwithso" time="21.932" errors="0" timestamp="2022-11-10T16:08:38 IST" skipped="0">
  <testcase classname="Campaign.CreateCampaignwithso" name="createcampaignwithproduct" time="21.932"/>
  <system-out/>
</testsuite> <!-- Campaign.CreateCampaignwithso -->
